<?xml version="1.0" encoding="UTF-8"?>
<robot generator="Robot 7.4.2 (Python 3.14.3 on win32)" generated="2026-06-11T14:30:06.477955" rpa="false" schemaversion="5">
<suite id="s1" name="Test Create Booking Ddt" source="D:\Andrea\iCloudDrive\Documents\Andrea\Formação em Teste de Software\Iterasys\RobotBooker140\__tests__\api\test_create_booking_ddt.robot">
<test id="s1-t1" name="TC001" line="10">
<kw name="Create Token" owner="common" type="SETUP">
<kw name="Create Dictionary" owner="BuiltIn">
<msg time="2026-06-11T14:30:07.106865" level="INFO">${body} = {'username': 'admin', 'password': 'password123'}</msg>
<var>${body}</var>
<arg>username=admin</arg>
<arg>password=password123</arg>
<doc>Creates and returns a dictionary based on the given ``items``.</doc>
<status status="PASS" start="2026-06-11T14:30:07.105492" elapsed="0.001513"/>
</kw>
<kw name="POST" owner="RequestsLibrary">
<msg time="2026-06-11T14:30:08.622706" level="INFO">POST Request : url=https://restful-booker.herokuapp.com/auth 
 path_url=/auth 
 headers={'User-Agent': 'python-requests/2.34.2', 'Accept-Encoding': 'gzip, deflate, zstd', 'Accept': '*/*', 'Connection': 'keep-alive', 'Content-Length': '48', 'Content-Type': 'application/json'} 
 body=b'{"username": "admin", "password": "password123"}' 
 </msg>
<msg time="2026-06-11T14:30:08.623104" level="INFO">POST Response : url=https://restful-booker.herokuapp.com/auth 
 status=200, reason=OK 
 headers={'Content-Length': '27', 'Content-Type': 'application/json; charset=utf-8', 'Date': 'Thu, 11 Jun 2026 13:30:18 GMT', 'Etag': 'W/"1b-yYhXHDto8hNi0AP8UdEAAYUCn7U"', 'Nel': '{"report_to":"heroku-nel","response_headers":["Via"],"max_age":3600,"success_fraction":0.01,"failure_fraction":0.1}', 'Report-To': '{"group":"heroku-nel","endpoints":[{"url":"https://nel.heroku.com/reports?s=VPQfDbEH4CAmD3he7WVfnUA727yRQMiVIHSrOKBUNLU%3D\\u0026sid=c46efe9b-d3d2-4a0c-8c76-bfafa16c5add\\u0026ts=1781184618"}],"max_age":3600}', 'Reporting-Endpoints': 'heroku-nel="https://nel.heroku.com/reports?s=VPQfDbEH4CAmD3he7WVfnUA727yRQMiVIHSrOKBUNLU%3D&amp;sid=c46efe9b-d3d2-4a0c-8c76-bfafa16c5add&amp;ts=1781184618"', 'Server': 'Heroku', 'Via': '1.1 heroku-router', 'X-Powered-By': 'Express'} 
 body={"token":"31dc8ec39a1fe0e"} 
 </msg>
<msg time="2026-06-11T14:30:08.623512" level="INFO">${response} = &lt;Response [200]&gt;</msg>
<var>${response}</var>
<arg>url=${url}/auth</arg>
<arg>json=${body}</arg>
<doc>Sends a POST request.</doc>
<status status="PASS" start="2026-06-11T14:30:07.107442" elapsed="1.516187"/>
</kw>
<kw name="Status Should Be" owner="RequestsLibrary">
<arg>200</arg>
<doc>Fails if response status code is different than the expected.</doc>
<status status="PASS" start="2026-06-11T14:30:08.624094" elapsed="0.000457"/>
</kw>
<kw name="Set Variable" owner="BuiltIn">
<msg time="2026-06-11T14:30:08.627149" level="INFO">${token} = 31dc8ec39a1fe0e</msg>
<var>${token}</var>
<arg>${response.json()}[token]</arg>
<doc>Returns the given values which can then be assigned to a variables.</doc>
<status status="PASS" start="2026-06-11T14:30:08.624935" elapsed="0.002335"/>
</kw>
<kw name="Set Suite Variable" owner="BuiltIn">
<msg time="2026-06-11T14:30:08.628774" level="INFO">${token} = 31dc8ec39a1fe0e</msg>
<arg>${token}</arg>
<doc>Makes a variable available everywhere within the scope of the current suite.</doc>
<status status="PASS" start="2026-06-11T14:30:08.627699" elapsed="0.001271"/>
</kw>
<kw name="Log To Console" owner="BuiltIn">
<arg>${token}</arg>
<doc>Logs the given message to the console.</doc>
<status status="PASS" start="2026-06-11T14:30:08.629343" elapsed="0.001133"/>
</kw>
<arg>${url}</arg>
<status status="PASS" start="2026-06-11T14:30:07.103607" elapsed="1.527127"/>
</kw>
<kw name="Create Booking DDT">
<kw name="Create Dictionary" owner="BuiltIn">
<msg time="2026-06-11T14:30:08.634897" level="INFO">${headers} = {'Content-Type': 'application/json'}</msg>
<var>${headers}</var>
<arg>Content-Type=${content_type}</arg>
<doc>Creates and returns a dictionary based on the given ``items``.</doc>
<status status="PASS" start="2026-06-11T14:30:08.633565" elapsed="0.001454"/>
</kw>
<kw name="Convert To Integer" owner="BuiltIn">
<msg time="2026-06-11T14:30:08.636535" level="INFO">${totalprice} = 80</msg>
<var>${totalprice}</var>
<arg>${totalprice}</arg>
<doc>Converts the given item to an integer number.</doc>
<status status="PASS" start="2026-06-11T14:30:08.635415" elapsed="0.001227"/>
</kw>
<kw name="Convert To Boolean" owner="BuiltIn">
<msg time="2026-06-11T14:30:08.638073" level="INFO">${depositpaid} = False</msg>
<var>${depositpaid}</var>
<arg>${depositpaid}</arg>
<doc>Converts the given item to Boolean ``True`` or ``False``.</doc>
<status status="PASS" start="2026-06-11T14:30:08.636983" elapsed="0.001209"/>
</kw>
<kw name="Create Dictionary" owner="BuiltIn">
<msg time="2026-06-11T14:30:08.640158" level="INFO">&amp;{bookingdates} = { checkin=2026-06-11 | checkout=2026-06-12 }</msg>
<var>&amp;{bookingdates}</var>
<arg>checkin=${checkin}</arg>
<arg>checkout=${checkout}</arg>
<doc>Creates and returns a dictionary based on the given ``items``.</doc>
<status status="PASS" start="2026-06-11T14:30:08.638596" elapsed="0.001704"/>
</kw>
<kw name="Create Dictionary" owner="BuiltIn">
<msg time="2026-06-11T14:30:08.642796" level="INFO">${body} = {'firstname': 'fulano', 'lastname': 'ciclano', 'totalprice': 80, 'depositpaid': False, 'bookingdates': {'checkin': '2026-06-11', 'checkout': '2026-06-12'}, 'additionalneeds': 'piscina'}</msg>
<var>${body}</var>
<arg>firstname=${firstname}</arg>
<arg>lastname=${lastname}</arg>
<arg>totalprice=${totalprice}</arg>
<arg>depositpaid=${depositpaid}</arg>
<arg>bookingdates=${bookingdates}</arg>
<arg>additionalneeds=${additionalneeds}</arg>
<doc>Creates and returns a dictionary based on the given ``items``.</doc>
<status status="PASS" start="2026-06-11T14:30:08.640748" elapsed="0.002164"/>
</kw>
<kw name="POST" owner="RequestsLibrary">
<msg time="2026-06-11T14:30:10.076972" level="INFO">POST Request : url=https://restful-booker.herokuapp.com/booking 
 path_url=/booking 
 headers={'User-Agent': 'python-requests/2.34.2', 'Accept-Encoding': 'gzip, deflate, zstd', 'Accept': '*/*', 'Connection': 'keep-alive', 'Content-Type': 'application/json', 'Content-Length': '185'} 
 body=b'{"firstname": "fulano", "lastname": "ciclano", "totalprice": 80, "depositpaid": false, "bookingdates": {"checkin": "2026-06-11", "checkout": "2026-06-12"}, "additionalneeds": "piscina"}' 
 </msg>
<msg time="2026-06-11T14:30:10.077127" level="INFO">POST Response : url=https://restful-booker.herokuapp.com/booking 
 status=200, reason=OK 
 headers={'Content-Length': '200', 'Content-Type': 'application/json; charset=utf-8', 'Date': 'Thu, 11 Jun 2026 13:30:19 GMT', 'Etag': 'W/"c8-dLgiI3i/voja95I0wdmUJT+5/L0"', 'Nel': '{"report_to":"heroku-nel","response_headers":["Via"],"max_age":3600,"success_fraction":0.01,"failure_fraction":0.1}', 'Report-To': '{"group":"heroku-nel","endpoints":[{"url":"https://nel.heroku.com/reports?s=pLF2tavpkuJDCr6DsLyoDG6%2FuktyA74lNxsoE7ndD6g%3D\\u0026sid=c46efe9b-d3d2-4a0c-8c76-bfafa16c5add\\u0026ts=1781184619"}],"max_age":3600}', 'Reporting-Endpoints': 'heroku-nel="https://nel.heroku.com/reports?s=pLF2tavpkuJDCr6DsLyoDG6%2FuktyA74lNxsoE7ndD6g%3D&amp;sid=c46efe9b-d3d2-4a0c-8c76-bfafa16c5add&amp;ts=1781184619"', 'Server': 'Heroku', 'Via': '1.1 heroku-router', 'X-Powered-By': 'Express'} 
 body={"bookingid":5039,"booking":{"firstname":"fulano","lastname":"ciclano","totalprice":80,"depositpaid":false,"bookingdates":{"checkin":"2026-06-11","checkout":"2026-06-12"},"additionalneeds":"piscina"}} 
 </msg>
<msg time="2026-06-11T14:30:10.077347" level="INFO">${response} = &lt;Response [200]&gt;</msg>
<var>${response}</var>
<arg>url=${url}/booking</arg>
<arg>headers=${headers}</arg>
<arg>json=${body}</arg>
<doc>Sends a POST request.</doc>
<status status="PASS" start="2026-06-11T14:30:08.643364" elapsed="1.434037"/>
</kw>
<kw name="Set Variable" owner="BuiltIn">
<msg time="2026-06-11T14:30:10.078943" level="INFO">${response_body} = {'bookingid': 5039, 'booking': {'firstname': 'fulano', 'lastname': 'ciclano', 'totalprice': 80, 'depositpaid': False, 'bookingdates': {'checkin': '2026-06-11', 'checkout': '2026-06-12'}, 'additionalne...</msg>
<var>${response_body}</var>
<arg>${response.json()}</arg>
<doc>Returns the given values which can then be assigned to a variables.</doc>
<status status="PASS" start="2026-06-11T14:30:10.077651" elapsed="0.001386"/>
</kw>
<kw name="Log To Console" owner="BuiltIn">
<arg>${response_body}</arg>
<doc>Logs the given message to the console.</doc>
<status status="PASS" start="2026-06-11T14:30:10.079257" elapsed="0.000722"/>
</kw>
<kw name="Status Should Be" owner="RequestsLibrary">
<arg>200</arg>
<doc>Fails if response status code is different than the expected.</doc>
<status status="PASS" start="2026-06-11T14:30:10.080272" elapsed="0.000272"/>
</kw>
<kw name="Should Be Equal" owner="BuiltIn">
<arg>${response_body}[booking][firstname]</arg>
<arg>${firstname}</arg>
<doc>Fails if the given objects are unequal.</doc>
<status status="PASS" start="2026-06-11T14:30:10.080729" elapsed="0.000730"/>
</kw>
<kw name="Should Be Equal" owner="BuiltIn">
<arg>${response_body}[booking][lastname]</arg>
<arg>${lastname}</arg>
<doc>Fails if the given objects are unequal.</doc>
<status status="PASS" start="2026-06-11T14:30:10.081666" elapsed="0.000560"/>
</kw>
<kw name="Should Be Equal" owner="BuiltIn">
<arg>${response_body}[booking][totalprice]</arg>
<arg>${totalprice}</arg>
<doc>Fails if the given objects are unequal.</doc>
<status status="PASS" start="2026-06-11T14:30:10.082416" elapsed="0.000539"/>
</kw>
<kw name="Should Be Equal" owner="BuiltIn">
<arg>${response_body}[booking][depositpaid]</arg>
<arg>${depositpaid}</arg>
<doc>Fails if the given objects are unequal.</doc>
<status status="PASS" start="2026-06-11T14:30:10.083141" elapsed="0.000532"/>
</kw>
<kw name="Should Be Equal" owner="BuiltIn">
<arg>${response_body}[booking][bookingdates][checkin]</arg>
<arg>${checkin}</arg>
<doc>Fails if the given objects are unequal.</doc>
<status status="PASS" start="2026-06-11T14:30:10.083855" elapsed="0.000527"/>
</kw>
<kw name="Should Be Equal" owner="BuiltIn">
<arg>${response_body}[booking][bookingdates][checkout]</arg>
<arg>${checkout}</arg>
<doc>Fails if the given objects are unequal.</doc>
<status status="PASS" start="2026-06-11T14:30:10.084568" elapsed="0.000537"/>
</kw>
<kw name="Should Be Equal" owner="BuiltIn">
<arg>${response_body}[booking][additionalneeds]</arg>
<arg>${additionalneeds}</arg>
<doc>Fails if the given objects are unequal.</doc>
<status status="PASS" start="2026-06-11T14:30:10.085291" elapsed="0.000522"/>
</kw>
<arg>firstname=fulano</arg>
<arg>lastname=ciclano</arg>
<arg>totalprice=80</arg>
<arg>depositpaid=false</arg>
<arg>checkin=2026-06-11</arg>
<arg>checkout=2026-06-12</arg>
<arg>additionalneeds=piscina</arg>
<status status="PASS" start="2026-06-11T14:30:08.632193" elapsed="1.453758"/>
</kw>
<status status="PASS" start="2026-06-11T14:30:07.099959" elapsed="2.986563"/>
</test>
<test id="s1-t2" name="TC001" line="10">
<kw name="Create Token" owner="common" type="SETUP">
<kw name="Create Dictionary" owner="BuiltIn">
<msg time="2026-06-11T14:30:10.094218" level="INFO">${body} = {'username': 'admin', 'password': 'password123'}</msg>
<var>${body}</var>
<arg>username=admin</arg>
<arg>password=password123</arg>
<doc>Creates and returns a dictionary based on the given ``items``.</doc>
<status status="PASS" start="2026-06-11T14:30:10.093257" elapsed="0.001033"/>
</kw>
<kw name="POST" owner="RequestsLibrary">
<msg time="2026-06-11T14:30:11.450715" level="INFO">POST Request : url=https://restful-booker.herokuapp.com/auth 
 path_url=/auth 
 headers={'User-Agent': 'python-requests/2.34.2', 'Accept-Encoding': 'gzip, deflate, zstd', 'Accept': '*/*', 'Connection': 'keep-alive', 'Content-Length': '48', 'Content-Type': 'application/json'} 
 body=b'{"username": "admin", "password": "password123"}' 
 </msg>
<msg time="2026-06-11T14:30:11.450866" level="INFO">POST Response : url=https://restful-booker.herokuapp.com/auth 
 status=200, reason=OK 
 headers={'Content-Length': '27', 'Content-Type': 'application/json; charset=utf-8', 'Date': 'Thu, 11 Jun 2026 13:30:20 GMT', 'Etag': 'W/"1b-0oCdXarcCGPs0MXu89lXkLtk4Sg"', 'Nel': '{"report_to":"heroku-nel","response_headers":["Via"],"max_age":3600,"success_fraction":0.01,"failure_fraction":0.1}', 'Report-To': '{"group":"heroku-nel","endpoints":[{"url":"https://nel.heroku.com/reports?s=T3J59SPDChVBYjOyp8i9A9Br92YNHjtqODDX9n7ZrS0%3D\\u0026sid=c46efe9b-d3d2-4a0c-8c76-bfafa16c5add\\u0026ts=1781184620"}],"max_age":3600}', 'Reporting-Endpoints': 'heroku-nel="https://nel.heroku.com/reports?s=T3J59SPDChVBYjOyp8i9A9Br92YNHjtqODDX9n7ZrS0%3D&amp;sid=c46efe9b-d3d2-4a0c-8c76-bfafa16c5add&amp;ts=1781184620"', 'Server': 'Heroku', 'Via': '1.1 heroku-router', 'X-Powered-By': 'Express'} 
 body={"token":"646566240284129"} 
 </msg>
<msg time="2026-06-11T14:30:11.451210" level="INFO">${response} = &lt;Response [200]&gt;</msg>
<var>${response}</var>
<arg>url=${url}/auth</arg>
<arg>json=${body}</arg>
<doc>Sends a POST request.</doc>
<status status="PASS" start="2026-06-11T14:30:10.094526" elapsed="1.356784"/>
</kw>
<kw name="Status Should Be" owner="RequestsLibrary">
<arg>200</arg>
<doc>Fails if response status code is different than the expected.</doc>
<status status="PASS" start="2026-06-11T14:30:11.451737" elapsed="0.000286"/>
</kw>
<kw name="Set Variable" owner="BuiltIn">
<msg time="2026-06-11T14:30:11.453439" level="INFO">${token} = 646566240284129</msg>
<var>${token}</var>
<arg>${response.json()}[token]</arg>
<doc>Returns the given values which can then be assigned to a variables.</doc>
<status status="PASS" start="2026-06-11T14:30:11.452221" elapsed="0.001281"/>
</kw>
<kw name="Set Suite Variable" owner="BuiltIn">
<msg time="2026-06-11T14:30:11.454295" level="INFO">${token} = 646566240284129</msg>
<arg>${token}</arg>
<doc>Makes a variable available everywhere within the scope of the current suite.</doc>
<status status="PASS" start="2026-06-11T14:30:11.453727" elapsed="0.000656"/>
</kw>
<kw name="Log To Console" owner="BuiltIn">
<arg>${token}</arg>
<doc>Logs the given message to the console.</doc>
<status status="PASS" start="2026-06-11T14:30:11.454563" elapsed="0.000690"/>
</kw>
<arg>${url}</arg>
<status status="PASS" start="2026-06-11T14:30:10.092280" elapsed="1.363198"/>
</kw>
<kw name="Create Booking DDT">
<kw name="Create Dictionary" owner="BuiltIn">
<msg time="2026-06-11T14:30:11.458759" level="INFO">${headers} = {'Content-Type': 'application/json'}</msg>
<var>${headers}</var>
<arg>Content-Type=${content_type}</arg>
<doc>Creates and returns a dictionary based on the given ``items``.</doc>
<status status="PASS" start="2026-06-11T14:30:11.457680" elapsed="0.001181"/>
</kw>
<kw name="Convert To Integer" owner="BuiltIn">
<msg time="2026-06-11T14:30:11.460041" level="INFO">${totalprice} = 150</msg>
<var>${totalprice}</var>
<arg>${totalprice}</arg>
<doc>Converts the given item to an integer number.</doc>
<status status="PASS" start="2026-06-11T14:30:11.459172" elapsed="0.000957"/>
</kw>
<kw name="Convert To Boolean" owner="BuiltIn">
<msg time="2026-06-11T14:30:11.461376" level="INFO">${depositpaid} = False</msg>
<var>${depositpaid}</var>
<arg>${depositpaid}</arg>
<doc>Converts the given item to Boolean ``True`` or ``False``.</doc>
<status status="PASS" start="2026-06-11T14:30:11.460419" elapsed="0.001046"/>
</kw>
<kw name="Create Dictionary" owner="BuiltIn">
<msg time="2026-06-11T14:30:11.462991" level="INFO">&amp;{bookingdates} = { checkin=2026-06-11 | checkout=2026-06-12 }</msg>
<var>&amp;{bookingdates}</var>
<arg>checkin=${checkin}</arg>
<arg>checkout=${checkout}</arg>
<doc>Creates and returns a dictionary based on the given ``items``.</doc>
<status status="PASS" start="2026-06-11T14:30:11.461786" elapsed="0.001299"/>
</kw>
<kw name="Create Dictionary" owner="BuiltIn">
<msg time="2026-06-11T14:30:11.465115" level="INFO">${body} = {'firstname': 'beltrano', 'lastname': 'ciclano', 'totalprice': 150, 'depositpaid': False, 'bookingdates': {'checkin': '2026-06-11', 'checkout': '2026-06-12'}, 'additionalneeds': 'tenis de mesa'}</msg>
<var>${body}</var>
<arg>firstname=${firstname}</arg>
<arg>lastname=${lastname}</arg>
<arg>totalprice=${totalprice}</arg>
<arg>depositpaid=${depositpaid}</arg>
<arg>bookingdates=${bookingdates}</arg>
<arg>additionalneeds=${additionalneeds}</arg>
<doc>Creates and returns a dictionary based on the given ``items``.</doc>
<status status="PASS" start="2026-06-11T14:30:11.463421" elapsed="0.001790"/>
</kw>
<kw name="POST" owner="RequestsLibrary">
<msg time="2026-06-11T14:30:12.740351" level="INFO">POST Request : url=https://restful-booker.herokuapp.com/booking 
 path_url=/booking 
 headers={'User-Agent': 'python-requests/2.34.2', 'Accept-Encoding': 'gzip, deflate, zstd', 'Accept': '*/*', 'Connection': 'keep-alive', 'Content-Type': 'application/json', 'Content-Length': '194'} 
 body=b'{"firstname": "beltrano", "lastname": "ciclano", "totalprice": 150, "depositpaid": false, "bookingdates": {"checkin": "2026-06-11", "checkout": "2026-06-12"}, "additionalneeds": "tenis de mesa"}' 
 </msg>
<msg time="2026-06-11T14:30:12.740505" level="INFO">POST Response : url=https://restful-booker.herokuapp.com/booking 
 status=200, reason=OK 
 headers={'Content-Length': '209', 'Content-Type': 'application/json; charset=utf-8', 'Date': 'Thu, 11 Jun 2026 13:30:22 GMT', 'Etag': 'W/"d1-FPdcg8XfRqUVws9ClmbpdjPmnTY"', 'Nel': '{"report_to":"heroku-nel","response_headers":["Via"],"max_age":3600,"success_fraction":0.01,"failure_fraction":0.1}', 'Report-To': '{"group":"heroku-nel","endpoints":[{"url":"https://nel.heroku.com/reports?s=q4ZA8Ep69WdkY0r6V4dH6NhnRHPlSoz2hY3%2FigprGTM%3D\\u0026sid=c46efe9b-d3d2-4a0c-8c76-bfafa16c5add\\u0026ts=1781184622"}],"max_age":3600}', 'Reporting-Endpoints': 'heroku-nel="https://nel.heroku.com/reports?s=q4ZA8Ep69WdkY0r6V4dH6NhnRHPlSoz2hY3%2FigprGTM%3D&amp;sid=c46efe9b-d3d2-4a0c-8c76-bfafa16c5add&amp;ts=1781184622"', 'Server': 'Heroku', 'Via': '1.1 heroku-router', 'X-Powered-By': 'Express'} 
 body={"bookingid":5059,"booking":{"firstname":"beltrano","lastname":"ciclano","totalprice":150,"depositpaid":false,"bookingdates":{"checkin":"2026-06-11","checkout":"2026-06-12"},"additionalneeds":"tenis de mesa"}} 
 </msg>
<msg time="2026-06-11T14:30:12.740719" level="INFO">${response} = &lt;Response [200]&gt;</msg>
<var>${response}</var>
<arg>url=${url}/booking</arg>
<arg>headers=${headers}</arg>
<arg>json=${body}</arg>
<doc>Sends a POST request.</doc>
<status status="PASS" start="2026-06-11T14:30:11.465629" elapsed="1.275145"/>
</kw>
<kw name="Set Variable" owner="BuiltIn">
<msg time="2026-06-11T14:30:12.742336" level="INFO">${response_body} = {'bookingid': 5059, 'booking': {'firstname': 'beltrano', 'lastname': 'ciclano', 'totalprice': 150, 'depositpaid': False, 'bookingdates': {'checkin': '2026-06-11', 'checkout': '2026-06-12'}, 'additiona...</msg>
<var>${response_body}</var>
<arg>${response.json()}</arg>
<doc>Returns the given values which can then be assigned to a variables.</doc>
<status status="PASS" start="2026-06-11T14:30:12.741015" elapsed="0.001387"/>
</kw>
<kw name="Log To Console" owner="BuiltIn">
<arg>${response_body}</arg>
<doc>Logs the given message to the console.</doc>
<status status="PASS" start="2026-06-11T14:30:12.742617" elapsed="0.000733"/>
</kw>
<kw name="Status Should Be" owner="RequestsLibrary">
<arg>200</arg>
<doc>Fails if response status code is different than the expected.</doc>
<status status="PASS" start="2026-06-11T14:30:12.743731" elapsed="0.000239"/>
</kw>
<kw name="Should Be Equal" owner="BuiltIn">
<arg>${response_body}[booking][firstname]</arg>
<arg>${firstname}</arg>
<doc>Fails if the given objects are unequal.</doc>
<status status="PASS" start="2026-06-11T14:30:12.744247" elapsed="0.000727"/>
</kw>
<kw name="Should Be Equal" owner="BuiltIn">
<arg>${response_body}[booking][lastname]</arg>
<arg>${lastname}</arg>
<doc>Fails if the given objects are unequal.</doc>
<status status="PASS" start="2026-06-11T14:30:12.745197" elapsed="0.000593"/>
</kw>
<kw name="Should Be Equal" owner="BuiltIn">
<arg>${response_body}[booking][totalprice]</arg>
<arg>${totalprice}</arg>
<doc>Fails if the given objects are unequal.</doc>
<status status="PASS" start="2026-06-11T14:30:12.745989" elapsed="0.000578"/>
</kw>
<kw name="Should Be Equal" owner="BuiltIn">
<arg>${response_body}[booking][depositpaid]</arg>
<arg>${depositpaid}</arg>
<doc>Fails if the given objects are unequal.</doc>
<status status="PASS" start="2026-06-11T14:30:12.746764" elapsed="0.000567"/>
</kw>
<kw name="Should Be Equal" owner="BuiltIn">
<arg>${response_body}[booking][bookingdates][checkin]</arg>
<arg>${checkin}</arg>
<doc>Fails if the given objects are unequal.</doc>
<status status="PASS" start="2026-06-11T14:30:12.747525" elapsed="0.000556"/>
</kw>
<kw name="Should Be Equal" owner="BuiltIn">
<arg>${response_body}[booking][bookingdates][checkout]</arg>
<arg>${checkout}</arg>
<doc>Fails if the given objects are unequal.</doc>
<status status="PASS" start="2026-06-11T14:30:12.748287" elapsed="0.000531"/>
</kw>
<kw name="Should Be Equal" owner="BuiltIn">
<arg>${response_body}[booking][additionalneeds]</arg>
<arg>${additionalneeds}</arg>
<doc>Fails if the given objects are unequal.</doc>
<status status="PASS" start="2026-06-11T14:30:12.749000" elapsed="0.000527"/>
</kw>
<arg>firstname=beltrano</arg>
<arg>lastname=ciclano</arg>
<arg>totalprice=150</arg>
<arg>depositpaid=false</arg>
<arg>checkin=2026-06-11</arg>
<arg>checkout=2026-06-12</arg>
<arg>additionalneeds=tenis de mesa</arg>
<status status="PASS" start="2026-06-11T14:30:11.456387" elapsed="1.293266"/>
</kw>
<status status="PASS" start="2026-06-11T14:30:10.088137" elapsed="2.662071"/>
</test>
<status status="PASS" start="2026-06-11T14:30:06.483079" elapsed="6.268887"/>
</suite>
<statistics>
<total>
<stat pass="2" fail="0" skip="0">All Tests</stat>
</total>
<tag>
</tag>
<suite>
<stat name="Test Create Booking Ddt" id="s1" pass="2" fail="0" skip="0">Test Create Booking Ddt</stat>
</suite>
</statistics>
<errors>
<msg time="2026-06-11T14:30:10.088465" level="WARN">Multiple tests with name 'TC001' executed in suite 'Test Create Booking Ddt'.</msg>
</errors>
</robot>
